<?xml version="1.0" encoding="UTF-8" ?>
<testsuite tests="10" failures="0" name="com.stringCaculator.StringCalculatorTest" time="0.015" errors="0" skipped="0">
  <properties>
[...]
</properties>
  <testcase classname="com.stringCaculator.StringCalculatorTest" name="testCase5" time="0.008"/>
  <testcase classname="com.stringCaculator.StringCalculatorTest" name="testCase6" time="0"/>
  <testcase classname="com.stringCaculator.StringCalculatorTest" name="testCase7" time="0.001"/>
  <testcase classname="com.stringCaculator.StringCalculatorTest" name="testCase3" time="0.001"/>
  <testcase classname="com.stringCaculator.StringCalculatorTest" name="testCase1" time="0.001"/>
  <testcase classname="com.stringCaculator.StringCalculatorTest" name="testCase9" time="0.001"/>
  <testcase classname="com.stringCaculator.StringCalculatorTest" name="testCase8" time="0.001"/>
  <testcase classname="com.stringCaculator.StringCalculatorTest" name="testCase10" time="0.001"/>
  <testcase classname="com.stringCaculator.StringCalculatorTest" name="testCase2" time="0.001"/>
  <testcase classname="com.stringCaculator.StringCalculatorTest" name="testCase4" time="0"/>
</testsuite>